<html>
<head>
<title>TestNG:  Test</title>
<link href="../testng.css" rel="stylesheet" type="text/css" />
<link href="../my-testng.css" rel="stylesheet" type="text/css" />

<style type="text/css">
.log { display: none;} 
.stack-trace { display: none;} 
</style>
<script type="text/javascript">
<!--
function flip(e) {
  current = e.style.display;
  if (current == 'block') {
    e.style.display = 'none';
    return 0;
  }
  else {
    e.style.display = 'block';
    return 1;
  }
}

function toggleBox(szDivId, elem, msg1, msg2)
{
  var res = -1;  if (document.getElementById) {
    res = flip(document.getElementById(szDivId));
  }
  else if (document.all) {
    // this is the way old msie versions work
    res = flip(document.all[szDivId]);
  }
  if(elem) {
    if(res == 0) elem.innerHTML = msg1; else elem.innerHTML = msg2;
  }

}

function toggleAllBoxes() {
  if (document.getElementsByTagName) {
    d = document.getElementsByTagName('div');
    for (i = 0; i < d.length; i++) {
      if (d[i].className == 'log') {
        flip(d[i]);
      }
    }
  }
}

// -->
</script>

</head>
<body>
<h2 align='center'>Test</h2><table border='1' align="center">
<tr>
<td>Tests passed/Failed/Skipped:</td><td>14/0/1</td>
</tr><tr>
<td>Started on:</td><td>Thu Jul 20 20:29:39 IST 2017</td>
</tr>
<tr><td>Total time:</td><td>1004 seconds (1004787 ms)</td>
</tr><tr>
<td>Included groups:</td><td></td>
</tr><tr>
<td>Excluded groups:</td><td></td>
</tr>
</table><p/>
<small><i>(Hover the method name to see the test class name)</i></small><p/>
<table width='100%' border='1' class='invocation-failed'>
<tr><td colspan='4' align='center'><b>FAILED CONFIGURATIONS</b></td></tr>
<tr><td><b>Test method</b></td>
<td width="30%"><b>Exception</b></td>
<td width="10%"><b>Time (seconds)</b></td>
<td><b>Instance</b></td>
</tr>
<tr>
<td title='requirementGroup.WebChatWidget.CreateNewChatWidget.setUp()'><b>setUp</b><br>Test class: requirementGroup.WebChatWidget.CreateNewChatWidget</td>
<td><div><pre>org.openqa.selenium.WebDriverException: unknown error: session deleted because of page crash
from unknown error: cannot determine loading status
from tab crashed
  (Session info: chrome=59.0.3071.115)
  (Driver info: chromedriver=2.28.455520 (cc17746adff54984afff480136733114c6b3704b),platform=Windows NT 6.1.7601 SP1 x86_64) (WARNING: The server did not provide any stacktrace information)
Command duration or timeout: 658 milliseconds
Build info: version: &apos;2.48.2&apos;, revision: &apos;41bccdd10cf2c0560f637404c2d96164b67d9d67&apos;, time: &apos;2015-10-09 13:08:06&apos;
System info: host: &apos;Admin-PC&apos;, ip: &apos;192.168.25.13&apos;, os.name: &apos;Windows 7&apos;, os.arch: &apos;amd64&apos;, os.version: &apos;6.1&apos;, java.version: &apos;1.8.0_121&apos;
Driver info: org.openqa.selenium.chrome.ChromeDriver
Capabilities [{applicationCacheEnabled=false, rotatable=false, mobileEmulationEnabled=false, networkConnectionEnabled=false, chrome={chromedriverVersion=2.28.455520 (cc17746adff54984afff480136733114c6b3704b), userDataDir=C:\Users\Admin\AppData\Local\Temp\scoped_dir4260_26978}, takesHeapSnapshot=true, pageLoadStrategy=normal, databaseEnabled=false, handlesAlerts=true, hasTouchScreen=false, version=59.0.3071.115, platform=XP, browserConnectionEnabled=false, nativeEvents=true, acceptSslCerts=true, locationContextEnabled=true, webStorageEnabled=true, browserName=chrome, takesScreenshot=true, javascriptEnabled=true, cssSelectorsEnabled=true, unexpectedAlertBehaviour=}]
Session ID: 6326ca337dcbd9a20da26e6db5339496
	at org.openqa.selenium.remote.ErrorHandler.createThrowable(ErrorHandler.java:206)
	at org.openqa.selenium.remote.ErrorHandler.throwIfResponseFailed(ErrorHandler.java:158)
	at org.openqa.selenium.remote.RemoteWebDriver.execute(RemoteWebDriver.java:647)
	at org.openqa.selenium.remote.RemoteWebDriver.execute(RemoteWebDriver.java:670)
	at org.openqa.selenium.remote.RemoteWebDriver$RemoteWebDriverOptions.deleteAllCookies(RemoteWebDriver.java:742)
	at qaframework.configuration.Configuration_Web.setUp(Configuration_Web.java:127)
... Removed 30 stack frames</pre></div><a href='#' onClick='toggleBox("stack-trace1756819670", this, "Click to show all stack frames", "Click to hide stack frames")'>Click to show all stack frames</a>
<div class='stack-trace' id='stack-trace1756819670'><pre>org.openqa.selenium.WebDriverException: unknown error: session deleted because of page crash
from unknown error: cannot determine loading status
from tab crashed
  (Session info: chrome=59.0.3071.115)
  (Driver info: chromedriver=2.28.455520 (cc17746adff54984afff480136733114c6b3704b),platform=Windows NT 6.1.7601 SP1 x86_64) (WARNING: The server did not provide any stacktrace information)
Command duration or timeout: 658 milliseconds
Build info: version: &apos;2.48.2&apos;, revision: &apos;41bccdd10cf2c0560f637404c2d96164b67d9d67&apos;, time: &apos;2015-10-09 13:08:06&apos;
System info: host: &apos;Admin-PC&apos;, ip: &apos;192.168.25.13&apos;, os.name: &apos;Windows 7&apos;, os.arch: &apos;amd64&apos;, os.version: &apos;6.1&apos;, java.version: &apos;1.8.0_121&apos;
Driver info: org.openqa.selenium.chrome.ChromeDriver
Capabilities [{applicationCacheEnabled=false, rotatable=false, mobileEmulationEnabled=false, networkConnectionEnabled=false, chrome={chromedriverVersion=2.28.455520 (cc17746adff54984afff480136733114c6b3704b), userDataDir=C:\Users\Admin\AppData\Local\Temp\scoped_dir4260_26978}, takesHeapSnapshot=true, pageLoadStrategy=normal, databaseEnabled=false, handlesAlerts=true, hasTouchScreen=false, version=59.0.3071.115, platform=XP, browserConnectionEnabled=false, nativeEvents=true, acceptSslCerts=true, locationContextEnabled=true, webStorageEnabled=true, browserName=chrome, takesScreenshot=true, javascriptEnabled=true, cssSelectorsEnabled=true, unexpectedAlertBehaviour=}]
Session ID: 6326ca337dcbd9a20da26e6db5339496
	at sun.reflect.NativeConstructorAccessorImpl.newInstance0(Native Method)
	at sun.reflect.NativeConstructorAccessorImpl.newInstance(Unknown Source)
	at sun.reflect.DelegatingConstructorAccessorImpl.newInstance(Unknown Source)
	at java.lang.reflect.Constructor.newInstance(Unknown Source)
	at org.openqa.selenium.remote.ErrorHandler.createThrowable(ErrorHandler.java:206)
	at org.openqa.selenium.remote.ErrorHandler.throwIfResponseFailed(ErrorHandler.java:158)
	at org.openqa.selenium.remote.RemoteWebDriver.execute(RemoteWebDriver.java:647)
	at org.openqa.selenium.remote.RemoteWebDriver.execute(RemoteWebDriver.java:670)
	at org.openqa.selenium.remote.RemoteWebDriver$RemoteWebDriverOptions.deleteAllCookies(RemoteWebDriver.java:742)
	at qaframework.configuration.Configuration_Web.setUp(Configuration_Web.java:127)
	at sun.reflect.NativeMethodAccessorImpl.invoke0(Native Method)
	at sun.reflect.NativeMethodAccessorImpl.invoke(Unknown Source)
	at sun.reflect.DelegatingMethodAccessorImpl.invoke(Unknown Source)
	at java.lang.reflect.Method.invoke(Unknown Source)
	at org.testng.internal.MethodInvocationHelper.invokeMethod(MethodInvocationHelper.java:84)
	at org.testng.internal.Invoker.invokeConfigurationMethod(Invoker.java:564)
	at org.testng.internal.Invoker.invokeConfigurations(Invoker.java:213)
	at org.testng.internal.Invoker.invokeMethod(Invoker.java:653)
	at org.testng.internal.Invoker.invokeTestMethod(Invoker.java:901)
	at org.testng.internal.Invoker.invokeTestMethods(Invoker.java:1231)
	at org.testng.internal.TestMethodWorker.invokeTestMethods(TestMethodWorker.java:127)
	at org.testng.internal.TestMethodWorker.run(TestMethodWorker.java:111)
	at org.testng.TestRunner.privateRun(TestRunner.java:767)
	at org.testng.TestRunner.run(TestRunner.java:617)
	at org.testng.SuiteRunner.runTest(SuiteRunner.java:334)
	at org.testng.SuiteRunner.runSequentially(SuiteRunner.java:329)
	at org.testng.SuiteRunner.privateRun(SuiteRunner.java:291)
	at org.testng.SuiteRunner.run(SuiteRunner.java:240)
	at org.testng.SuiteRunnerWorker.runSuite(SuiteRunnerWorker.java:52)
	at org.testng.SuiteRunnerWorker.run(SuiteRunnerWorker.java:86)
	at org.testng.TestNG.runSuitesSequentially(TestNG.java:1224)
	at org.testng.TestNG.runSuitesLocally(TestNG.java:1149)
	at org.testng.TestNG.run(TestNG.java:1057)
	at org.testng.remote.AbstractRemoteTestNG.run(AbstractRemoteTestNG.java:132)
	at org.testng.remote.RemoteTestNG.initAndRun(RemoteTestNG.java:236)
	at org.testng.remote.RemoteTestNG.main(RemoteTestNG.java:81)
</pre></div></td>
<td>0</td>
<td>requirementGroup.WebChatWidget.CreateNewChatWidget@402a079c</td></tr>
</table><p>
<table width='100%' border='1' class='invocation-passed'>
<tr><td colspan='4' align='center'><b>PASSED TESTS</b></td></tr>
<tr><td><b>Test method</b></td>
<td width="30%"><b>Exception</b></td>
<td width="10%"><b>Time (seconds)</b></td>
<td><b>Instance</b></td>
</tr>
<tr>
<td title='requirementGroup.WebChatWidget.CreateNewChatWidget.BQS200197()'><b>BQS200197</b><br>Test class: requirementGroup.WebChatWidget.CreateNewChatWidget<br>Test method: Verify that configure general setting Step is completed when Next button is clicked  after selecting Stream in (Step 1) Configure widget settings screen.</td>
<td></td>
<td>24</td>
<td>requirementGroup.WebChatWidget.CreateNewChatWidget@402a079c</td></tr>
<tr>
<td title='requirementGroup.WebChatWidget.CreateNewChatWidget.BQS200211()'><b>BQS200211</b><br>Test class: requirementGroup.WebChatWidget.CreateNewChatWidget<br>Test method: Verify that APP ID is created for each Chat widget created.</td>
<td></td>
<td>25</td>
<td>requirementGroup.WebChatWidget.CreateNewChatWidget@402a079c</td></tr>
<tr>
<td title='requirementGroup.WebChatWidget.CreateNewChatWidget.BQS200220And200224()'><b>BQS200220And200224</b><br>Test class: requirementGroup.WebChatWidget.CreateNewChatWidget<br>Test method: Verify that Admin is able to the delete the web chat widget.
 Verify that Web Chat widget is deleted successfully when 'Delete' button is clicked.</td>
<td></td>
<td>32</td>
<td>requirementGroup.WebChatWidget.CreateNewChatWidget@402a079c</td></tr>
<tr>
<td title='requirementGroup.WebChatWidget.CreateNewChatWidget.BQS200234And200239()'><b>BQS200234And200239</b><br>Test class: requirementGroup.WebChatWidget.CreateNewChatWidget<br>Test method: Verify that Chat widgets are displayed when the configured websites are launched.
 Verify that Consumer can open the floating chat widget</td>
<td></td>
<td>34</td>
<td>requirementGroup.WebChatWidget.CreateNewChatWidget@402a079c</td></tr>
<tr>
<td title='requirementGroup.WebChatWidget.CreateNewChatWidget.BQS200247()'><b>BQS200247</b><br>Test class: requirementGroup.WebChatWidget.CreateNewChatWidget<br>Test method: Verify that Consumer receives offline autoresponder when Agent is offline.</td>
<td></td>
<td>77</td>
<td>requirementGroup.WebChatWidget.CreateNewChatWidget@402a079c</td></tr>
<tr>
<td title='requirementGroup.WebChatWidget.CreateNewChatWidget.BQS200248()'><b>BQS200248</b><br>Test class: requirementGroup.WebChatWidget.CreateNewChatWidget<br>Test method: Verify that Consumer receives busy autoresponder when Agent is busy.</td>
<td></td>
<td>141</td>
<td>requirementGroup.WebChatWidget.CreateNewChatWidget@402a079c</td></tr>
<tr>
<td title='requirementGroup.WebChatWidget.CreateNewChatWidget.BQS200402()'><b>BQS200402</b><br>Test class: requirementGroup.WebChatWidget.CreateNewChatWidget<br>Test method: Verify that available Agent receives the message sent via chat widget by the Consumer.</td>
<td></td>
<td>86</td>
<td>requirementGroup.WebChatWidget.CreateNewChatWidget@402a079c</td></tr>
<tr>
<td title='requirementGroup.WebChatWidget.CreateNewChatWidget.BQS200403And200244()'><b>BQS200403And200244</b><br>Test class: requirementGroup.WebChatWidget.CreateNewChatWidget<br>Test method: Verify that Agent is able to reply to Consumer's message and message is displayed in chat widget.
 Verify that Pype logo is displayed in chat bubbles when message is sent by the Admin</td>
<td></td>
<td>142</td>
<td>requirementGroup.WebChatWidget.CreateNewChatWidget@402a079c</td></tr>
<tr>
<td title='requirementGroup.WebChatWidget.CreateNewChatWidget.BQS200432()'><b>BQS200432</b><br>Test class: requirementGroup.WebChatWidget.CreateNewChatWidget<br>Test method: Verify that Admin is able to create widget for Bot enabled Stream and Bot message is displayed when widget is launched.</td>
<td></td>
<td>69</td>
<td>requirementGroup.WebChatWidget.CreateNewChatWidget@402a079c</td></tr>
<tr>
<td title='requirementGroup.WebChatWidget.CreateNewChatWidget.BQS201018()'><b>BQS201018</b><br>Test class: requirementGroup.WebChatWidget.CreateNewChatWidget<br>Test method: Verify that chat is assigned to Agent when it is transferred from Bot.</td>
<td></td>
<td>109</td>
<td>requirementGroup.WebChatWidget.CreateNewChatWidget@402a079c</td></tr>
<tr>
<td title='requirementGroup.WebChatWidget.CreateNewChatWidget.FTS200140()'><b>FTS200140</b><br>Test class: requirementGroup.WebChatWidget.CreateNewChatWidget<br>Test method: Verify that modified stream names are updated instantly in the dropdown.</td>
<td></td>
<td>34</td>
<td>requirementGroup.WebChatWidget.CreateNewChatWidget@402a079c</td></tr>
<tr>
<td title='requirementGroup.WebChatWidget.CreateNewChatWidget.FTS200208()'><b>FTS200208</b><br>Test class: requirementGroup.WebChatWidget.CreateNewChatWidget<br>Test method: Verify that Widget appearance customized is displayed when all the changes are made in 2. Customize appearance (Chat widget 1) is saved.</td>
<td></td>
<td>40</td>
<td>requirementGroup.WebChatWidget.CreateNewChatWidget@402a079c</td></tr>
<tr>
<td title='requirementGroup.WebChatWidget.CreateNewChatWidget.FTS200214()'><b>FTS200214</b><br>Test class: requirementGroup.WebChatWidget.CreateNewChatWidget<br>Test method: Verify that Admin can edit chat widget name in the Web chat widget page.</td>
<td></td>
<td>25</td>
<td>requirementGroup.WebChatWidget.CreateNewChatWidget@402a079c</td></tr>
<tr>
<td title='requirementGroup.WebChatWidget.CreateNewChatWidget.FTS200237And200252()'><b>FTS200237And200252</b><br>Test class: requirementGroup.WebChatWidget.CreateNewChatWidget<br>Test method: Verify that chat does not end when widget is closed.
 Verify that Collapsing the launcher should not end the chat (PYPE-5427)</td>
<td></td>
<td>42</td>
<td>requirementGroup.WebChatWidget.CreateNewChatWidget@402a079c</td></tr>
</table><p>
<table width='100%' border='1' class='invocation-skipped'>
<tr><td colspan='4' align='center'><b>SKIPPED TESTS</b></td></tr>
<tr><td><b>Test method</b></td>
<td width="30%"><b>Exception</b></td>
<td width="10%"><b>Time (seconds)</b></td>
<td><b>Instance</b></td>
</tr>
<tr>
<td title='requirementGroup.WebChatWidget.CreateNewChatWidget.FTS200341()'><b>FTS200341</b><br>Test class: requirementGroup.WebChatWidget.CreateNewChatWidget<br>Test method: Verify that attachments send by Agents are displayed in Chat widget.</td>
<td></td>
<td>0</td>
<td>requirementGroup.WebChatWidget.CreateNewChatWidget@402a079c</td></tr>
</table><p>
</body>
</html>