<?xml version="1.0" encoding="UTF-8"?>
<!-- Generated by org.testng.reporters.JUnitXMLReporter -->
<testsuite hostname="Admin-PC" name="Test" tests="15" failures="0" timestamp="20 Jul 2017 15:16:24 GMT" time="1004.787" errors="0">
  <testcase name="@BeforeMethod setUp" time="0.0" classname="requirementGroup.WebChatWidget.CreateNewChatWidget">
    <failure type="org.openqa.selenium.WebDriverException" message="unknown error: session deleted because of page crash
from unknown error: cannot determine loading status
from tab crashed
  (Session info: chrome=59.0.3071.115)
  (Driver info: chromedriver=2.28.455520 (cc17746adff54984afff480136733114c6b3704b),platform=Windows NT 6.1.7601 SP1 x86_64) (WARNING: The server did not provide any stacktrace information)
Command duration or timeout: 658 milliseconds
Build info: version: &amp;apos;2.48.2&amp;apos;, revision: &amp;apos;41bccdd10cf2c0560f637404c2d96164b67d9d67&amp;apos;, time: &amp;apos;2015-10-09 13:08:06&amp;apos;
System info: host: &amp;apos;Admin-PC&amp;apos;, ip: &amp;apos;192.168.25.13&amp;apos;, os.name: &amp;apos;Windows 7&amp;apos;, os.arch: &amp;apos;amd64&amp;apos;, os.version: &amp;apos;6.1&amp;apos;, java.version: &amp;apos;1.8.0_121&amp;apos;
Driver info: org.openqa.selenium.chrome.ChromeDriver
Capabilities [{applicationCacheEnabled=false, rotatable=false, mobileEmulationEnabled=false, networkConnectionEnabled=false, chrome={chromedriverVersion=2.28.455520 (cc17746adff54984afff480136733114c6b3704b), userDataDir=C:\Users\Admin\AppData\Local\Temp\scoped_dir4260_26978}, takesHeapSnapshot=true, pageLoadStrategy=normal, databaseEnabled=false, handlesAlerts=true, hasTouchScreen=false, version=59.0.3071.115, platform=XP, browserConnectionEnabled=false, nativeEvents=true, acceptSslCerts=true, locationContextEnabled=true, webStorageEnabled=true, browserName=chrome, takesScreenshot=true, javascriptEnabled=true, cssSelectorsEnabled=true, unexpectedAlertBehaviour=}]
Session ID: 6326ca337dcbd9a20da26e6db5339496">
      <![CDATA[org.openqa.selenium.WebDriverException: unknown error: session deleted because of page crash
from unknown error: cannot determine loading status
from tab crashed
  (Session info: chrome=59.0.3071.115)
  (Driver info: chromedriver=2.28.455520 (cc17746adff54984afff480136733114c6b3704b),platform=Windows NT 6.1.7601 SP1 x86_64) (WARNING: The server did not provide any stacktrace information)
Command duration or timeout: 658 milliseconds
Build info: version: '2.48.2', revision: '41bccdd10cf2c0560f637404c2d96164b67d9d67', time: '2015-10-09 13:08:06'
System info: host: 'Admin-PC', ip: '192.168.25.13', os.name: 'Windows 7', os.arch: 'amd64', os.version: '6.1', java.version: '1.8.0_121'
Driver info: org.openqa.selenium.chrome.ChromeDriver
Capabilities [{applicationCacheEnabled=false, rotatable=false, mobileEmulationEnabled=false, networkConnectionEnabled=false, chrome={chromedriverVersion=2.28.455520 (cc17746adff54984afff480136733114c6b3704b), userDataDir=C:\Users\Admin\AppData\Local\Temp\scoped_dir4260_26978}, takesHeapSnapshot=true, pageLoadStrategy=normal, databaseEnabled=false, handlesAlerts=true, hasTouchScreen=false, version=59.0.3071.115, platform=XP, browserConnectionEnabled=false, nativeEvents=true, acceptSslCerts=true, locationContextEnabled=true, webStorageEnabled=true, browserName=chrome, takesScreenshot=true, javascriptEnabled=true, cssSelectorsEnabled=true, unexpectedAlertBehaviour=}]
Session ID: 6326ca337dcbd9a20da26e6db5339496
	at org.openqa.selenium.remote.ErrorHandler.createThrowable(ErrorHandler.java:206)
	at org.openqa.selenium.remote.ErrorHandler.throwIfResponseFailed(ErrorHandler.java:158)
	at org.openqa.selenium.remote.RemoteWebDriver.execute(RemoteWebDriver.java:647)
	at org.openqa.selenium.remote.RemoteWebDriver.execute(RemoteWebDriver.java:670)
	at org.openqa.selenium.remote.RemoteWebDriver$RemoteWebDriverOptions.deleteAllCookies(RemoteWebDriver.java:742)
	at qaframework.configuration.Configuration_Web.setUp(Configuration_Web.java:127)
... Removed 30 stack frames]]>
    </failure>
  </testcase> <!-- @BeforeMethod setUp -->
  <testcase name="BQS200197" time="24.808" classname="requirementGroup.WebChatWidget.CreateNewChatWidget"/>
  <testcase name="BQS200211" time="25.01" classname="requirementGroup.WebChatWidget.CreateNewChatWidget"/>
  <testcase name="BQS200220And200224" time="32.139" classname="requirementGroup.WebChatWidget.CreateNewChatWidget"/>
  <testcase name="BQS200234And200239" time="34.655" classname="requirementGroup.WebChatWidget.CreateNewChatWidget"/>
  <testcase name="BQS200247" time="77.03" classname="requirementGroup.WebChatWidget.CreateNewChatWidget"/>
  <testcase name="BQS200248" time="141.666" classname="requirementGroup.WebChatWidget.CreateNewChatWidget"/>
  <testcase name="BQS200402" time="86.523" classname="requirementGroup.WebChatWidget.CreateNewChatWidget"/>
  <testcase name="BQS200403And200244" time="142.1" classname="requirementGroup.WebChatWidget.CreateNewChatWidget"/>
  <testcase name="BQS200432" time="69.681" classname="requirementGroup.WebChatWidget.CreateNewChatWidget"/>
  <testcase name="BQS201018" time="109.66" classname="requirementGroup.WebChatWidget.CreateNewChatWidget"/>
  <testcase name="FTS200140" time="34.345" classname="requirementGroup.WebChatWidget.CreateNewChatWidget"/>
  <testcase name="FTS200208" time="40.133" classname="requirementGroup.WebChatWidget.CreateNewChatWidget"/>
  <testcase name="FTS200214" time="25.16" classname="requirementGroup.WebChatWidget.CreateNewChatWidget"/>
  <testcase name="FTS200237And200252" time="42.433" classname="requirementGroup.WebChatWidget.CreateNewChatWidget"/>
  <testcase name="FTS200341" time="0.0" classname="requirementGroup.WebChatWidget.CreateNewChatWidget">
    <skipped/>
  </testcase> <!-- FTS200341 -->
</testsuite> <!-- Test -->
